android/app/build/intermediates/manifest_merge_blame_file/release/manifest-merger-blame-release-report.txt
1<?xml version="1.0" encoding="utf-8"?>
2<manifest xmlns:android="http://schemas.android.com/apk/res/android"
3    package="com.homedevo"
4    android:versionCode="1"
5    android:versionName="1.0" >
6
7    <uses-sdk
8        android:minSdkVersion="21"
8-->src/main/AndroidManifest.xml
9        android:targetSdkVersion="29" />
9-->src/main/AndroidManifest.xml
10
11    <uses-permission android:name="android.permission.INTERNET" />
11-->src/main/AndroidManifest.xml:4:5-67
11-->src/main/AndroidManifest.xml:4:22-64
12    <uses-permission android:name="android.permission.CAMERA" />
12-->src/main/AndroidManifest.xml:5:1-61
12-->src/main/AndroidManifest.xml:5:18-58
13    <uses-permission android:name="android.permission.READ_EXTERNAL_STORAGE" />
13-->src/main/AndroidManifest.xml:6:5-79
13-->src/main/AndroidManifest.xml:6:22-77
14    <uses-permission android:name="android.permission.WRITE_EXTERNAL_STORAGE" />
14-->src/main/AndroidManifest.xml:7:5-81
14-->src/main/AndroidManifest.xml:7:22-78
15    <uses-permission android:name="android.permission.ACCESS_COARSE_LOCATION" />
15-->src/main/AndroidManifest.xml:8:5-80
15-->src/main/AndroidManifest.xml:8:22-78
16    <uses-permission android:name="android.permission.ACCESS_FINE_LOCATION" />
16-->src/main/AndroidManifest.xml:9:5-79
16-->src/main/AndroidManifest.xml:9:22-76
17    <uses-permission android:name="android.permission.ACCESS_NETWORK_STATE" />
17-->src/main/AndroidManifest.xml:10:5-79
17-->src/main/AndroidManifest.xml:10:22-76
18    <uses-permission android:name="android.permission.WAKE_LOCK" />
18-->[:react-native-firebase_messaging] AndroidManifest.xml:12:5-68
18-->[:react-native-firebase_messaging] AndroidManifest.xml:12:22-65
19
20    <queries>
20-->[:react-native-image-crop-picker] AndroidManifest.xml:10:5-14:15
21        <intent>
21-->[:react-native-image-crop-picker] AndroidManifest.xml:11:9-13:18
22            <action android:name="android.media.action.IMAGE_CAPTURE" />
22-->[:react-native-image-crop-picker] AndroidManifest.xml:12:13-73
22-->[:react-native-image-crop-picker] AndroidManifest.xml:12:21-70
23        </intent>
24    </queries> <!-- Required by older versions of Google Play services to create IID tokens -->
25    <uses-permission android:name="com.google.android.c2dm.permission.RECEIVE" />
25-->[com.google.firebase:firebase-messaging:22.0.0] AndroidManifest.xml:25:5-82
25-->[com.google.firebase:firebase-messaging:22.0.0] AndroidManifest.xml:25:22-79
26    <uses-permission android:name="android.permission.READ_PHONE_STATE" />
26-->[com.paytabs:payment-sdk:6.1.9] AndroidManifest.xml:13:5-75
26-->[com.paytabs:payment-sdk:6.1.9] AndroidManifest.xml:13:22-72
27    <uses-permission android:name="android.permission.ACCESS_WIFI_STATE" />
27-->[com.paytabs:payment-sdk:6.1.9] AndroidManifest.xml:14:5-76
27-->[com.paytabs:payment-sdk:6.1.9] AndroidManifest.xml:14:22-73
28    <uses-permission android:name="android.permission.FLASHLIGHT" />
28-->[com.paytabs:scan-card:0.0.4] AndroidManifest.xml:12:5-69
28-->[com.paytabs:scan-card:0.0.4] AndroidManifest.xml:12:22-66
29
30    <uses-feature
30-->[com.paytabs:scan-card:0.0.4] AndroidManifest.xml:14:5-16:36
31        android:name="android.hardware.CAMERA"
31-->[com.paytabs:scan-card:0.0.4] AndroidManifest.xml:15:9-47
32        android:required="false" />
32-->[com.paytabs:scan-card:0.0.4] AndroidManifest.xml:16:9-33
33    <uses-feature
33-->[com.paytabs:scan-card:0.0.4] AndroidManifest.xml:17:5-19:36
34        android:name="android.hardware.camera.AUTOFOCUS"
34-->[com.paytabs:scan-card:0.0.4] AndroidManifest.xml:18:9-57
35        android:required="false" />
35-->[com.paytabs:scan-card:0.0.4] AndroidManifest.xml:19:9-33
36    <uses-feature
36-->[com.paytabs:scan-card:0.0.4] AndroidManifest.xml:20:5-22:35
37        android:glEsVersion="0x00020000"
37-->[com.paytabs:scan-card:0.0.4] AndroidManifest.xml:21:9-41
38        android:required="true" />
38-->[com.paytabs:scan-card:0.0.4] AndroidManifest.xml:22:9-32
39
40    <application
40-->src/main/AndroidManifest.xml:11:5-32:19
41        android:name="com.homedevo.MainApplication"
41-->src/main/AndroidManifest.xml:12:7-38
42        android:allowBackup="false"
42-->src/main/AndroidManifest.xml:16:7-34
43        android:appComponentFactory="androidx.core.app.CoreComponentFactory"
43-->[androidx.core:core:1.6.0-alpha02] AndroidManifest.xml:24:18-86
44        android:icon="@mipmap/ic_launcher"
44-->src/main/AndroidManifest.xml:14:7-41
45        android:label="@string/app_name"
45-->src/main/AndroidManifest.xml:13:7-39
46        android:roundIcon="@mipmap/ic_launcher_round"
46-->src/main/AndroidManifest.xml:15:7-52
47        android:theme="@style/AppTheme" >
47-->src/main/AndroidManifest.xml:17:7-38
48        <activity
48-->src/main/AndroidManifest.xml:18:7-28:18
49            android:name="com.homedevo.MainActivity"
49-->src/main/AndroidManifest.xml:19:9-37
50            android:configChanges="keyboard|keyboardHidden|orientation|screenSize|uiMode"
50-->src/main/AndroidManifest.xml:21:9-86
51            android:label="@string/app_name"
51-->src/main/AndroidManifest.xml:20:9-41
52            android:launchMode="singleTask"
52-->src/main/AndroidManifest.xml:22:9-40
53            android:windowSoftInputMode="adjustResize" >
53-->src/main/AndroidManifest.xml:23:9-51
54            <intent-filter>
54-->src/main/AndroidManifest.xml:24:9-27:25
55                <action android:name="android.intent.action.MAIN" />
55-->src/main/AndroidManifest.xml:25:13-65
55-->src/main/AndroidManifest.xml:25:21-62
56
57                <category android:name="android.intent.category.LAUNCHER" />
57-->src/main/AndroidManifest.xml:26:13-73
57-->src/main/AndroidManifest.xml:26:23-70
58            </intent-filter>
59        </activity>
60
61        <meta-data
61-->src/main/AndroidManifest.xml:29:7-31:66
62            android:name="com.google.android.geo.API_KEY"
62-->src/main/AndroidManifest.xml:30:9-54
63            android:value="AIzaSyCG4ylljvLJbTAjcjk6FJhIPuYdDEAnUfQ" />
63-->src/main/AndroidManifest.xml:31:9-64
64
65        <service android:name="io.invertase.firebase.messaging.ReactNativeFirebaseMessagingHeadlessService" />
65-->[:react-native-firebase_messaging] AndroidManifest.xml:16:9-111
65-->[:react-native-firebase_messaging] AndroidManifest.xml:16:18-108
66        <service
66-->[:react-native-firebase_messaging] AndroidManifest.xml:17:9-23:19
67            android:name="io.invertase.firebase.messaging.ReactNativeFirebaseMessagingService"
67-->[:react-native-firebase_messaging] AndroidManifest.xml:18:13-95
68            android:exported="false" >
68-->[:react-native-firebase_messaging] AndroidManifest.xml:19:13-37
69            <intent-filter>
69-->[:react-native-firebase_messaging] AndroidManifest.xml:20:13-22:29
70                <action android:name="com.google.firebase.MESSAGING_EVENT" />
70-->[:react-native-firebase_messaging] AndroidManifest.xml:21:17-78
70-->[:react-native-firebase_messaging] AndroidManifest.xml:21:25-75
71            </intent-filter>
72        </service>
73
74        <receiver
74-->[:react-native-firebase_messaging] AndroidManifest.xml:25:9-32:20
75            android:name="io.invertase.firebase.messaging.ReactNativeFirebaseMessagingReceiver"
75-->[:react-native-firebase_messaging] AndroidManifest.xml:26:13-96
76            android:exported="true"
76-->[:react-native-firebase_messaging] AndroidManifest.xml:27:13-36
77            android:permission="com.google.android.c2dm.permission.SEND" >
77-->[:react-native-firebase_messaging] AndroidManifest.xml:28:13-73
78            <intent-filter>
78-->[:react-native-firebase_messaging] AndroidManifest.xml:29:13-31:29
79                <action android:name="com.google.android.c2dm.intent.RECEIVE" />
79-->[:react-native-firebase_messaging] AndroidManifest.xml:30:17-81
79-->[:react-native-firebase_messaging] AndroidManifest.xml:30:25-78
80            </intent-filter>
81        </receiver>
82
83        <meta-data
83-->[:react-native-firebase_messaging] AndroidManifest.xml:34:9-36:36
84            android:name="firebase_messaging_auto_init_enabled"
84-->[:react-native-firebase_messaging] AndroidManifest.xml:35:13-64
85            android:value="true" />
85-->[:react-native-firebase_messaging] AndroidManifest.xml:36:13-33
86        <meta-data
86-->[:react-native-firebase_messaging] AndroidManifest.xml:37:9-39:32
87            android:name="com.google.firebase.messaging.default_notification_channel_id"
87-->[:react-native-firebase_messaging] AndroidManifest.xml:38:13-89
88            android:value="" />
88-->[:react-native-firebase_messaging] AndroidManifest.xml:39:13-29
89        <meta-data
89-->[:react-native-firebase_messaging] AndroidManifest.xml:40:9-42:47
90            android:name="com.google.firebase.messaging.default_notification_color"
90-->[:react-native-firebase_messaging] AndroidManifest.xml:41:13-84
91            android:resource="@color/white" />
91-->[:react-native-firebase_messaging] AndroidManifest.xml:42:13-44
92
93        <provider
93-->[:react-native-file-viewer] AndroidManifest.xml:12:9-20:20
94            android:name="com.vinzscam.reactnativefileviewer.FileProvider"
94-->[:react-native-file-viewer] AndroidManifest.xml:13:13-75
95            android:authorities="com.homedevo.provider"
95-->[:react-native-file-viewer] AndroidManifest.xml:14:13-60
96            android:exported="false"
96-->[:react-native-file-viewer] AndroidManifest.xml:15:13-37
97            android:grantUriPermissions="true" >
97-->[:react-native-file-viewer] AndroidManifest.xml:16:13-47
98            <meta-data
98-->[:react-native-file-viewer] AndroidManifest.xml:17:13-19:70
99                android:name="android.support.FILE_PROVIDER_PATHS"
99-->[:react-native-file-viewer] AndroidManifest.xml:18:17-67
100                android:resource="@xml/file_viewer_provider_paths" />
100-->[:react-native-file-viewer] AndroidManifest.xml:19:17-67
101        </provider>
102        <provider
102-->[:react-native-image-crop-picker] AndroidManifest.xml:19:9-27:20
103            android:name="androidx.core.content.FileProvider"
103-->[:react-native-image-crop-picker] AndroidManifest.xml:20:13-62
104            android:authorities="com.homedevo.provider"
104-->[:react-native-image-crop-picker] AndroidManifest.xml:21:13-60
105            android:exported="false"
105-->[:react-native-image-crop-picker] AndroidManifest.xml:22:13-37
106            android:grantUriPermissions="true" >
106-->[:react-native-image-crop-picker] AndroidManifest.xml:23:13-47
107            <meta-data
107-->[:react-native-file-viewer] AndroidManifest.xml:17:13-19:70
108                android:name="android.support.FILE_PROVIDER_PATHS"
108-->[:react-native-file-viewer] AndroidManifest.xml:18:17-67
109                android:resource="@xml/provider_paths" />
109-->[:react-native-file-viewer] AndroidManifest.xml:19:17-67
110        </provider>
111
112        <activity
112-->[:react-native-image-crop-picker] AndroidManifest.xml:29:9-31:72
113            android:name="com.yalantis.ucrop.UCropActivity"
113-->[:react-native-image-crop-picker] AndroidManifest.xml:30:13-60
114            android:theme="@style/Theme.AppCompat.Light.NoActionBar" />
114-->[:react-native-image-crop-picker] AndroidManifest.xml:31:13-69
115
116        <provider
116-->[:react-native-image-picker] AndroidManifest.xml:12:9-20:20
117            android:name="com.imagepicker.ImagePickerProvider"
117-->[:react-native-image-picker] AndroidManifest.xml:13:13-63
118            android:authorities="com.homedevo.imagepickerprovider"
118-->[:react-native-image-picker] AndroidManifest.xml:14:13-71
119            android:exported="false"
119-->[:react-native-image-picker] AndroidManifest.xml:15:13-37
120            android:grantUriPermissions="true" >
120-->[:react-native-image-picker] AndroidManifest.xml:16:13-47
121            <meta-data
121-->[:react-native-file-viewer] AndroidManifest.xml:17:13-19:70
122                android:name="android.support.FILE_PROVIDER_PATHS"
122-->[:react-native-file-viewer] AndroidManifest.xml:18:17-67
123                android:resource="@xml/imagepicker_provider_paths" />
123-->[:react-native-file-viewer] AndroidManifest.xml:19:17-67
124        </provider>
125        <provider
125-->[:react-native-webview] AndroidManifest.xml:12:9-20:20
126            android:name="com.reactnativecommunity.webview.RNCWebViewFileProvider"
126-->[:react-native-webview] AndroidManifest.xml:13:13-83
127            android:authorities="com.homedevo.fileprovider"
127-->[:react-native-webview] AndroidManifest.xml:14:13-64
128            android:exported="false"
128-->[:react-native-webview] AndroidManifest.xml:15:13-37
129            android:grantUriPermissions="true" >
129-->[:react-native-webview] AndroidManifest.xml:16:13-47
130            <meta-data
130-->[:react-native-file-viewer] AndroidManifest.xml:17:13-19:70
131                android:name="android.support.FILE_PROVIDER_PATHS"
131-->[:react-native-file-viewer] AndroidManifest.xml:18:17-67
132                android:resource="@xml/file_provider_paths" />
132-->[:react-native-file-viewer] AndroidManifest.xml:19:17-67
133        </provider>
134
135        <receiver
135-->[com.google.firebase:firebase-messaging:22.0.0] AndroidManifest.xml:28:9-35:20
136            android:name="com.google.firebase.iid.FirebaseInstanceIdReceiver"
136-->[com.google.firebase:firebase-messaging:22.0.0] AndroidManifest.xml:29:13-78
137            android:exported="true"
137-->[com.google.firebase:firebase-messaging:22.0.0] AndroidManifest.xml:30:13-36
138            android:permission="com.google.android.c2dm.permission.SEND" >
138-->[com.google.firebase:firebase-messaging:22.0.0] AndroidManifest.xml:31:13-73
139            <intent-filter>
139-->[:react-native-firebase_messaging] AndroidManifest.xml:29:13-31:29
140                <action android:name="com.google.android.c2dm.intent.RECEIVE" />
140-->[:react-native-firebase_messaging] AndroidManifest.xml:30:17-81
140-->[:react-native-firebase_messaging] AndroidManifest.xml:30:25-78
141            </intent-filter>
142        </receiver>
143        <!--
144             FirebaseMessagingService performs security checks at runtime,
145             but set to not exported to explicitly avoid allowing another app to call it.
146        -->
147        <service
147-->[com.google.firebase:firebase-messaging:22.0.0] AndroidManifest.xml:41:9-48:19
148            android:name="com.google.firebase.messaging.FirebaseMessagingService"
148-->[com.google.firebase:firebase-messaging:22.0.0] AndroidManifest.xml:42:13-82
149            android:directBootAware="true"
149-->[com.google.firebase:firebase-messaging:22.0.0] AndroidManifest.xml:43:13-43
150            android:exported="false" >
150-->[com.google.firebase:firebase-messaging:22.0.0] AndroidManifest.xml:44:13-37
151            <intent-filter android:priority="-500" >
151-->[:react-native-firebase_messaging] AndroidManifest.xml:20:13-22:29
152                <action android:name="com.google.firebase.MESSAGING_EVENT" />
152-->[:react-native-firebase_messaging] AndroidManifest.xml:21:17-78
152-->[:react-native-firebase_messaging] AndroidManifest.xml:21:25-75
153            </intent-filter>
154        </service>
155        <service
155-->[com.google.firebase:firebase-messaging:22.0.0] AndroidManifest.xml:49:9-55:19
156            android:name="com.google.firebase.components.ComponentDiscoveryService"
156-->[com.google.firebase:firebase-messaging:22.0.0] AndroidManifest.xml:50:13-84
157            android:directBootAware="true"
157-->[com.google.firebase:firebase-common:20.0.0] AndroidManifest.xml:35:13-43
158            android:exported="false" >
158-->[com.google.firebase:firebase-messaging:22.0.0] AndroidManifest.xml:51:13-37
159            <meta-data
159-->[com.google.firebase:firebase-messaging:22.0.0] AndroidManifest.xml:52:13-54:85
160                android:name="com.google.firebase.components:com.google.firebase.messaging.FirebaseMessagingRegistrar"
160-->[com.google.firebase:firebase-messaging:22.0.0] AndroidManifest.xml:53:17-119
161                android:value="com.google.firebase.components.ComponentRegistrar" />
161-->[com.google.firebase:firebase-messaging:22.0.0] AndroidManifest.xml:54:17-82
162            <meta-data
162-->[com.google.firebase:firebase-datatransport:18.0.0] AndroidManifest.xml:28:13-30:85
163                android:name="com.google.firebase.components:com.google.firebase.datatransport.TransportRegistrar"
163-->[com.google.firebase:firebase-datatransport:18.0.0] AndroidManifest.xml:29:17-115
164                android:value="com.google.firebase.components.ComponentRegistrar" />
164-->[com.google.firebase:firebase-datatransport:18.0.0] AndroidManifest.xml:30:17-82
165            <meta-data
165-->[com.google.firebase:firebase-installations:17.0.0] AndroidManifest.xml:18:13-20:85
166                android:name="com.google.firebase.components:com.google.firebase.installations.FirebaseInstallationsRegistrar"
166-->[com.google.firebase:firebase-installations:17.0.0] AndroidManifest.xml:19:17-127
167                android:value="com.google.firebase.components.ComponentRegistrar" />
167-->[com.google.firebase:firebase-installations:17.0.0] AndroidManifest.xml:20:17-82
168        </service>
169        <service
169-->[com.google.android.datatransport:transport-backend-cct:3.0.0] AndroidManifest.xml:29:9-35:19
170            android:name="com.google.android.datatransport.runtime.backends.TransportBackendDiscovery"
170-->[com.google.android.datatransport:transport-backend-cct:3.0.0] AndroidManifest.xml:30:13-103
171            android:exported="false" >
171-->[com.google.android.datatransport:transport-backend-cct:3.0.0] AndroidManifest.xml:31:13-37
172            <meta-data
172-->[com.google.android.datatransport:transport-backend-cct:3.0.0] AndroidManifest.xml:32:13-34:39
173                android:name="backend:com.google.android.datatransport.cct.CctBackendFactory"
173-->[com.google.android.datatransport:transport-backend-cct:3.0.0] AndroidManifest.xml:33:17-94
174                android:value="cct" />
174-->[com.google.android.datatransport:transport-backend-cct:3.0.0] AndroidManifest.xml:34:17-36
175        </service>
176        <service
176-->[com.google.android.datatransport:transport-runtime:3.0.0] AndroidManifest.xml:26:9-30:19
177            android:name="com.google.android.datatransport.runtime.scheduling.jobscheduling.JobInfoSchedulerService"
177-->[com.google.android.datatransport:transport-runtime:3.0.0] AndroidManifest.xml:27:13-117
178            android:exported="false"
178-->[com.google.android.datatransport:transport-runtime:3.0.0] AndroidManifest.xml:28:13-37
179            android:permission="android.permission.BIND_JOB_SERVICE" >
179-->[com.google.android.datatransport:transport-runtime:3.0.0] AndroidManifest.xml:29:13-69
180        </service>
181
182        <receiver
182-->[com.google.android.datatransport:transport-runtime:3.0.0] AndroidManifest.xml:32:9-34:40
183            android:name="com.google.android.datatransport.runtime.scheduling.jobscheduling.AlarmManagerSchedulerBroadcastReceiver"
183-->[com.google.android.datatransport:transport-runtime:3.0.0] AndroidManifest.xml:33:13-132
184            android:exported="false" />
184-->[com.google.android.datatransport:transport-runtime:3.0.0] AndroidManifest.xml:34:13-37
185
186        <activity
186-->[com.paytabs:payment-sdk:6.1.9] AndroidManifest.xml:17:9-19:81
187            android:name="com.payment.paymentsdk.PaymentSdkActivity"
187-->[com.paytabs:payment-sdk:6.1.9] AndroidManifest.xml:18:13-69
188            android:theme="@style/Theme.MaterialComponents.Light.NoActionBar" />
188-->[com.paytabs:payment-sdk:6.1.9] AndroidManifest.xml:19:13-78
189        <activity
189-->[com.paytabs:scan-card:0.0.4] AndroidManifest.xml:25:9-27:59
190            android:name="com.paytabs.paytabscardrecognizer.cards.pay.paycardsrecognizer.sdk.ui.ScanCardActivity"
190-->[com.paytabs:scan-card:0.0.4] AndroidManifest.xml:26:13-114
191            android:theme="@style/wocr_RecognizerTheme" />
191-->[com.paytabs:scan-card:0.0.4] AndroidManifest.xml:27:13-56
192
193        <meta-data
193-->[com.github.bumptech.glide:okhttp3-integration:4.11.0] AndroidManifest.xml:11:9-13:43
194            android:name="com.bumptech.glide.integration.okhttp3.OkHttpGlideModule"
194-->[com.github.bumptech.glide:okhttp3-integration:4.11.0] AndroidManifest.xml:12:13-84
195            android:value="GlideModule" />
195-->[com.github.bumptech.glide:okhttp3-integration:4.11.0] AndroidManifest.xml:13:13-40
196
197        <activity
197-->[com.google.android.gms:play-services-auth:19.2.0] AndroidManifest.xml:23:9-27:75
198            android:name="com.google.android.gms.auth.api.signin.internal.SignInHubActivity"
198-->[com.google.android.gms:play-services-auth:19.2.0] AndroidManifest.xml:24:13-93
199            android:excludeFromRecents="true"
199-->[com.google.android.gms:play-services-auth:19.2.0] AndroidManifest.xml:25:13-46
200            android:exported="false"
200-->[com.google.android.gms:play-services-auth:19.2.0] AndroidManifest.xml:26:13-37
201            android:theme="@android:style/Theme.Translucent.NoTitleBar" />
201-->[com.google.android.gms:play-services-auth:19.2.0] AndroidManifest.xml:27:13-72
202        <!--
203            Service handling Google Sign-In user revocation. For apps that do not integrate with
204            Google Sign-In, this service will never be started.
205        -->
206        <service
206-->[com.google.android.gms:play-services-auth:19.2.0] AndroidManifest.xml:33:9-37:51
207            android:name="com.google.android.gms.auth.api.signin.RevocationBoundService"
207-->[com.google.android.gms:play-services-auth:19.2.0] AndroidManifest.xml:34:13-89
208            android:exported="true"
208-->[com.google.android.gms:play-services-auth:19.2.0] AndroidManifest.xml:35:13-36
209            android:permission="com.google.android.gms.auth.api.signin.permission.REVOCATION_NOTIFICATION"
209-->[com.google.android.gms:play-services-auth:19.2.0] AndroidManifest.xml:36:13-107
210            android:visibleToInstantApps="true" /> <!-- Needs to be explicitly declared on P+ -->
210-->[com.google.android.gms:play-services-auth:19.2.0] AndroidManifest.xml:37:13-48
211        <uses-library
211-->[com.google.android.gms:play-services-maps:17.0.0] AndroidManifest.xml:33:9-35:40
212            android:name="org.apache.http.legacy"
212-->[com.google.android.gms:play-services-maps:17.0.0] AndroidManifest.xml:34:13-50
213            android:required="false" />
213-->[com.google.android.gms:play-services-maps:17.0.0] AndroidManifest.xml:35:13-37
214
215        <activity
215-->[com.google.android.gms:play-services-base:17.5.0] AndroidManifest.xml:23:9-26:75
216            android:name="com.google.android.gms.common.api.GoogleApiActivity"
216-->[com.google.android.gms:play-services-base:17.5.0] AndroidManifest.xml:24:13-79
217            android:exported="false"
217-->[com.google.android.gms:play-services-base:17.5.0] AndroidManifest.xml:25:13-37
218            android:theme="@android:style/Theme.Translucent.NoTitleBar" />
218-->[com.google.android.gms:play-services-base:17.5.0] AndroidManifest.xml:26:13-72
219
220        <provider
220-->[com.google.firebase:firebase-common:20.0.0] AndroidManifest.xml:26:9-31:39
221            android:name="com.google.firebase.provider.FirebaseInitProvider"
221-->[com.google.firebase:firebase-common:20.0.0] AndroidManifest.xml:27:13-77
222            android:authorities="com.homedevo.firebaseinitprovider"
222-->[com.google.firebase:firebase-common:20.0.0] AndroidManifest.xml:28:13-72
223            android:directBootAware="true"
223-->[com.google.firebase:firebase-common:20.0.0] AndroidManifest.xml:29:13-43
224            android:exported="false"
224-->[com.google.firebase:firebase-common:20.0.0] AndroidManifest.xml:30:13-37
225            android:initOrder="100" />
225-->[com.google.firebase:firebase-common:20.0.0] AndroidManifest.xml:31:13-36
226
227        <meta-data
227-->[com.google.android.gms:play-services-basement:17.5.0] AndroidManifest.xml:23:9-25:69
228            android:name="com.google.android.gms.version"
228-->[com.google.android.gms:play-services-basement:17.5.0] AndroidManifest.xml:24:13-58
229            android:value="@integer/google_play_services_version" />
229-->[com.google.android.gms:play-services-basement:17.5.0] AndroidManifest.xml:25:13-66
230
231        <provider
231-->[androidx.lifecycle:lifecycle-process:2.2.0] AndroidManifest.xml:25:9-29:43
232            android:name="androidx.lifecycle.ProcessLifecycleOwnerInitializer"
232-->[androidx.lifecycle:lifecycle-process:2.2.0] AndroidManifest.xml:26:13-79
233            android:authorities="com.homedevo.lifecycle-process"
233-->[androidx.lifecycle:lifecycle-process:2.2.0] AndroidManifest.xml:27:13-69
234            android:exported="false"
234-->[androidx.lifecycle:lifecycle-process:2.2.0] AndroidManifest.xml:28:13-37
235            android:multiprocess="true" />
235-->[androidx.lifecycle:lifecycle-process:2.2.0] AndroidManifest.xml:29:13-40
236    </application>
237
238</manifest>